<?xml version="1.0" encoding="UTF-8" ?>
<testsuite tests="2" failures="0" name="testRunner.TestRunner" time="0.503" errors="2" skipped="0">
  <properties>
    <property name="java.runtime.name" value="Java(TM) SE Runtime Environment"/>
    <property name="java.vm.version" value="11.0.21+9-LTS-193"/>
    <property name="sun.boot.library.path" value="C:\Program Files\Java\jdk-11\bin"/>
    <property name="maven.multiModuleProjectDirectory" value="E:\SeleniumProject\Demo"/>
    <property name="java.vm.vendor" value="Oracle Corporation"/>
    <property name="java.vendor.url" value="https://openjdk.java.net/"/>
    <property name="guice.disable.misplaced.annotation.check" value="true"/>
    <property name="path.separator" value=";"/>
    <property name="java.vm.name" value="Java HotSpot(TM) 64-Bit Server VM"/>
    <property name="sun.os.patch.level" value=""/>
    <property name="user.script" value=""/>
    <property name="user.country" value="US"/>
    <property name="sun.java.launcher" value="SUN_STANDARD"/>
    <property name="java.vm.specification.name" value="Java Virtual Machine Specification"/>
    <property name="user.dir" value="E:\SeleniumProject\Demo"/>
    <property name="java.vm.compressedOopsMode" value="32-bit"/>
    <property name="java.runtime.version" value="11.0.21+9-LTS-193"/>
    <property name="java.awt.graphicsenv" value="sun.awt.Win32GraphicsEnvironment"/>
    <property name="os.arch" value="amd64"/>
    <property name="java.io.tmpdir" value="C:\Users\User\AppData\Local\Temp\"/>
    <property name="line.separator" value="
"/>
    <property name="java.vm.specification.vendor" value="Oracle Corporation"/>
    <property name="user.variant" value=""/>
    <property name="os.name" value="Windows 10"/>
    <property name="classworlds.conf" value="C:\Program Files\Java\apache-maven-3.8.7\bin\m2.conf"/>
    <property name="sun.jnu.encoding" value="Cp1252"/>
    <property name="java.library.path" value="C:\Program Files\Java\jdk-11\bin;C:\Windows\Sun\Java\bin;C:\Windows\system32;C:\Windows;C:\Program Files\Common Files\Oracle\Java\javapath;C:\Program Files (x86)\Common Files\Oracle\Java\javapath;C:\Python311\Scripts\;C:\Python311\;C:\Windows\system32;C:\Windows;C:\Windows\System32\Wbem;C:\Windows\System32\WindowsPowerShell\v1.0\;C:\Windows\System32\OpenSSH\;C:\ProgramData\chocolatey\bin;D:\gradle-7.6-bin\gradle-7.6\bin;F:\allure-2.20.1\bin;C:\Program Files\Java\apache-maven-3.8.7\bin;C:\Users\User\AppData\Local\Android\Sdk\platform-tools;C:\Program Files\Java\jdk-11\bin;C:\Program Files\Git\cmd;F:\apache-jmeter-5.5\apache-jmeter-5.5\bin;C:\Users\User\Downloads\allure-2.20.1\allure-2.20.1\bin;C:\Users\User\AppData\Local\Microsoft\WindowsApps;C:\Program Files\JetBrains\IntelliJ IDEA Community Edition 2022.1.3\bin;;C:\Users\User\AppData\Local\Programs\Microsoft VS Code\bin;F:\gradle-7.6\bin;;C:\Program Files\JetBrains\PyCharm Community Edition 2022.3.2\bin;;."/>
    <property name="maven.conf" value="C:\Program Files\Java\apache-maven-3.8.7/conf"/>
    <property name="jdk.debug" value="release"/>
    <property name="java.class.version" value="55.0"/>
    <property name="java.specification.name" value="Java Platform API Specification"/>
    <property name="sun.management.compiler" value="HotSpot 64-Bit Tiered Compilers"/>
    <property name="os.version" value="10.0"/>
    <property name="library.jansi.path" value="C:\Program Files\Java\apache-maven-3.8.7\lib\jansi-native"/>
    <property name="user.home" value="C:\Users\User"/>
    <property name="user.timezone" value="America/Anchorage"/>
    <property name="java.awt.printerjob" value="sun.awt.windows.WPrinterJob"/>
    <property name="file.encoding" value="Cp1252"/>
    <property name="java.specification.version" value="11"/>
    <property name="user.name" value="User"/>
    <property name="java.class.path" value="C:\Program Files\Java\apache-maven-3.8.7\boot\plexus-classworlds-2.6.0.jar"/>
    <property name="java.vm.specification.version" value="11"/>
    <property name="sun.arch.data.model" value="64"/>
    <property name="sun.java.command" value="org.codehaus.plexus.classworlds.launcher.Launcher clean install"/>
    <property name="java.home" value="C:\Program Files\Java\jdk-11"/>
    <property name="user.language" value="en"/>
    <property name="java.specification.vendor" value="Oracle Corporation"/>
    <property name="awt.toolkit" value="sun.awt.windows.WToolkit"/>
    <property name="java.vm.info" value="mixed mode"/>
    <property name="java.version" value="11.0.21"/>
    <property name="java.vendor" value="Oracle Corporation"/>
    <property name="sun.stderr.encoding" value="cp437"/>
    <property name="java.specification.maintenance.version" value="2"/>
    <property name="maven.home" value="C:\Program Files\Java\apache-maven-3.8.7"/>
    <property name="file.separator" value="\"/>
    <property name="java.version.date" value="2023-10-17"/>
    <property name="java.vendor.url.bug" value="https://bugreport.java.com/bugreport/"/>
    <property name="sun.io.unicode.encoding" value="UnicodeLittle"/>
    <property name="sun.cpu.endian" value="little"/>
    <property name="java.vendor.version" value="18.9"/>
    <property name="sun.stdout.encoding" value="cp437"/>
    <property name="sun.desktop" value="windows"/>
    <property name="sun.cpu.isalist" value="amd64"/>
  </properties>
  <testcase classname="Login feature" name="Verify that user can successfully create an appointment" time="0.431">
    <error type="java.lang.NullPointerException">java.lang.NullPointerException
	at stepDefinition.AppointmentSteps.userVisitsTheUrl(AppointmentSteps.java:24)
	at ✽.user visits the url(file:///E:/SeleniumProject/Demo/src/test/java/features/Appointment.feature:4)
</error>
    <system-out>
@Release
Scenario: Verify that user can successfully create an appointment &amp;#27;[90m# src/test/java/features/Appointment.feature:10&amp;#27;[0m
  &amp;#27;[31mGiven &amp;#27;[0m&amp;#27;[31muser visits the url&amp;#27;[0m                                       &amp;#27;[90m# stepDefinition.AppointmentSteps.userVisitsTheUrl()&amp;#27;[0m
      &amp;#27;[31mjava.lang.NullPointerException
	at stepDefinition.AppointmentSteps.userVisitsTheUrl(AppointmentSteps.java:24)
	at âœ½.user visits the url(file:///E:/SeleniumProject/Demo/src/test/java/features/Appointment.feature:4)
&amp;#27;[0m
  &amp;#27;[36mWhen &amp;#27;[0m&amp;#27;[36menter email and password&amp;#27;[0m                                   &amp;#27;[90m# stepDefinition.AppointmentSteps.enterEmailAndPassword()&amp;#27;[0m
  &amp;#27;[36mAnd &amp;#27;[0m&amp;#27;[36mclick button signin&amp;#27;[0m                                         &amp;#27;[90m# stepDefinition.AppointmentSteps.clickButtonSignin()&amp;#27;[0m
  &amp;#27;[36mAnd &amp;#27;[0m&amp;#27;[36mclick buttonNo&amp;#27;[0m                                              &amp;#27;[90m# stepDefinition.AppointmentSteps.clickButtonNo()&amp;#27;[0m
  &amp;#27;[36mThen &amp;#27;[0m&amp;#27;[36muser will successfully login&amp;#27;[0m                               &amp;#27;[90m# stepDefinition.AppointmentSteps.userWillSuccessfullyLogin()&amp;#27;[0m
  &amp;#27;[36mGiven &amp;#27;[0m&amp;#27;[36muser click boxIcon&amp;#27;[0m                                        &amp;#27;[90m# stepDefinition.AppointmentSteps.userClickBoxIcon()&amp;#27;[0m
  &amp;#27;[36mAnd &amp;#27;[0m&amp;#27;[36mvisit appointment page&amp;#27;[0m                                      &amp;#27;[90m# stepDefinition.AppointmentSteps.visitAppointmentPage()&amp;#27;[0m
  &amp;#27;[36mAnd &amp;#27;[0m&amp;#27;[36mcreate an appointment&amp;#27;[0m                                       &amp;#27;[90m# stepDefinition.AppointmentSteps.createAppointment()&amp;#27;[0m
</system-out>
  </testcase>
  <testcase classname="Login feature" name="Verify that user can successfully cancel this appointment" time="0.072">
    <error type="java.lang.NullPointerException">java.lang.NullPointerException
	at stepDefinition.AppointmentSteps.userVisitsTheUrl(AppointmentSteps.java:24)
	at ✽.user visits the url(file:///E:/SeleniumProject/Demo/src/test/java/features/Appointment.feature:4)
</error>
    <system-out>
@Release
Scenario: Verify that user can successfully cancel this appointment &amp;#27;[90m# src/test/java/features/Appointment.feature:15&amp;#27;[0m
  &amp;#27;[31mGiven &amp;#27;[0m&amp;#27;[31muser visits the url&amp;#27;[0m                                         &amp;#27;[90m# stepDefinition.AppointmentSteps.userVisitsTheUrl()&amp;#27;[0m
      &amp;#27;[31mjava.lang.NullPointerException
	at stepDefinition.AppointmentSteps.userVisitsTheUrl(AppointmentSteps.java:24)
	at âœ½.user visits the url(file:///E:/SeleniumProject/Demo/src/test/java/features/Appointment.feature:4)
&amp;#27;[0m
  &amp;#27;[36mWhen &amp;#27;[0m&amp;#27;[36menter email and password&amp;#27;[0m                                     &amp;#27;[90m# stepDefinition.AppointmentSteps.enterEmailAndPassword()&amp;#27;[0m
  &amp;#27;[36mAnd &amp;#27;[0m&amp;#27;[36mclick button signin&amp;#27;[0m                                           &amp;#27;[90m# stepDefinition.AppointmentSteps.clickButtonSignin()&amp;#27;[0m
  &amp;#27;[36mAnd &amp;#27;[0m&amp;#27;[36mclick buttonNo&amp;#27;[0m                                                &amp;#27;[90m# stepDefinition.AppointmentSteps.clickButtonNo()&amp;#27;[0m
  &amp;#27;[36mThen &amp;#27;[0m&amp;#27;[36muser will successfully login&amp;#27;[0m                                 &amp;#27;[90m# stepDefinition.AppointmentSteps.userWillSuccessfullyLogin()&amp;#27;[0m
  &amp;#27;[36mGiven &amp;#27;[0m&amp;#27;[36muser click boxIcon&amp;#27;[0m                                          &amp;#27;[90m# stepDefinition.AppointmentSteps.userClickBoxIcon()&amp;#27;[0m
  &amp;#27;[36mAnd &amp;#27;[0m&amp;#27;[36mvisit appointment page&amp;#27;[0m                                        &amp;#27;[90m# stepDefinition.AppointmentSteps.visitAppointmentPage()&amp;#27;[0m
  &amp;#27;[36mAnd &amp;#27;[0m&amp;#27;[36mcancel appointment&amp;#27;[0m                                            &amp;#27;[90m# stepDefinition.AppointmentSteps.cancelAppointment()&amp;#27;[0m
</system-out>
  </testcase>
</testsuite>